0 info it worked if it ends with ok
1 verbose cli [ 'node', '/usr/local/bin/npm', 'install', 'MongoExpressNode' ]
2 info using npm@1.4.28
3 info using node@v0.10.32
4 verbose readDependencies using package.json deps
5 verbose cache add [ 'MongoExpressNode', null ]
6 verbose cache add name=undefined spec="MongoExpressNode" args=["MongoExpressNode",null]
7 verbose parsed url { protocol: null,
7 verbose parsed url   slashes: null,
7 verbose parsed url   auth: null,
7 verbose parsed url   host: null,
7 verbose parsed url   port: null,
7 verbose parsed url   hostname: null,
7 verbose parsed url   hash: null,
7 verbose parsed url   search: null,
7 verbose parsed url   query: null,
7 verbose parsed url   pathname: 'MongoExpressNode',
7 verbose parsed url   path: 'MongoExpressNode',
7 verbose parsed url   href: 'MongoExpressNode' }
8 silly lockFile a6488f70-MongoExpressNode MongoExpressNode
9 verbose lock MongoExpressNode /Users/xuzhongwei/.npm/a6488f70-MongoExpressNode.lock
10 silly lockFile a6488f70-MongoExpressNode MongoExpressNode
11 silly lockFile a6488f70-MongoExpressNode MongoExpressNode
12 verbose addNamed [ 'MongoExpressNode', '' ]
13 verbose addNamed [ null, '*' ]
14 silly lockFile abc54316-MongoExpressNode MongoExpressNode@
15 verbose lock MongoExpressNode@ /Users/xuzhongwei/.npm/abc54316-MongoExpressNode.lock
16 silly addNameRange { name: 'MongoExpressNode', range: '*', hasData: false }
17 verbose registry.get https://registry.npmjs.org/MongoExpressNode not expired, no request
18 silly addNameRange number 2 { name: 'MongoExpressNode', range: '*', hasData: true }
19 silly addNameRange versions [ undefined, [] ]
20 error TypeError: Cannot read property 'latest' of undefined
20 error     at next (/usr/local/lib/node_modules/npm/lib/cache/add-named.js:219:35)
20 error     at /usr/local/lib/node_modules/npm/lib/cache/add-named.js:207:5
20 error     at RegClient.get_ (/usr/local/lib/node_modules/npm/node_modules/npm-registry-client/lib/get.js:130:14)
20 error     at RegClient.<anonymous> (/usr/local/lib/node_modules/npm/node_modules/npm-registry-client/lib/get.js:49:12)
20 error     at evalmachine.<anonymous>:271:14
20 error     at /usr/local/lib/node_modules/npm/node_modules/graceful-fs/graceful-fs.js:102:5
20 error     at Object.oncomplete (evalmachine.<anonymous>:107:15)
21 error If you need help, you may report this *entire* log,
21 error including the npm and node versions, at:
21 error     <http://github.com/npm/npm/issues>
22 error System Darwin 14.4.0
23 error command "node" "/usr/local/bin/npm" "install" "MongoExpressNode"
24 error cwd /Users/xuzhongwei/Dropbox/research_project/home
25 error node -v v0.10.32
26 error npm -v 1.4.28
27 error type non_object_property_load
28 verbose exit [ 1, true ]
